0 info it worked if it ends with ok
1 verbose cli [ '/usr/local/bin/node', '/usr/local/bin/npm', 'publish' ]
2 info using npm@3.10.10
3 info using node@v7.2.1
4 verbose publish [ '.' ]
5 silly cache add args [ '.', null ]
6 verbose cache add spec .
7 silly cache add parsed spec Result {
7 silly cache add   raw: '.',
7 silly cache add   scope: null,
7 silly cache add   escapedName: null,
7 silly cache add   name: null,
7 silly cache add   rawSpec: '.',
7 silly cache add   spec: '/Users/qingyun/Desktop/郭亮/node/20170515/my-package',
7 silly cache add   type: 'directory' }
8 verbose addLocalDirectory /Users/qingyun/.npm/my-package/1.0.0/package.tgz not in flight; packing
9 verbose correctMkdir /Users/qingyun/.npm correctMkdir not in flight; initializing
10 info lifecycle my-package@1.0.0~prepublish: my-package@1.0.0
11 silly lifecycle my-package@1.0.0~prepublish: no script for prepublish, continuing
12 verbose tar pack [ '/Users/qingyun/.npm/my-package/1.0.0/package.tgz',
12 verbose tar pack   '/Users/qingyun/Desktop/郭亮/node/20170515/my-package' ]
13 verbose tarball /Users/qingyun/.npm/my-package/1.0.0/package.tgz
14 verbose folder /Users/qingyun/Desktop/郭亮/node/20170515/my-package
15 verbose addLocalTarball adding from inside cache /Users/qingyun/.npm/my-package/1.0.0/package.tgz
16 verbose correctMkdir /Users/qingyun/.npm correctMkdir not in flight; initializing
17 silly cache afterAdd my-package@1.0.0
18 verbose afterAdd /Users/qingyun/.npm/my-package/1.0.0/package/package.json not in flight; writing
19 verbose correctMkdir /Users/qingyun/.npm correctMkdir not in flight; initializing
20 verbose afterAdd /Users/qingyun/.npm/my-package/1.0.0/package/package.json written
21 silly publish { name: 'my-package',
21 silly publish   version: '1.0.0',
21 silly publish   main: 'index.js',
21 silly publish   scripts: { test: 'echo "Error: no test specified" && exit 1' },
21 silly publish   repository:
21 silly publish    { type: 'git',
21 silly publish      url: 'git+ssh://git@github.com/gl449134109/lost.git' },
21 silly publish   author: '',
21 silly publish   license: 'ISC',
21 silly publish   bugs: { url: 'https://github.com/gl449134109/lost/issues' },
21 silly publish   homepage: 'https://github.com/gl449134109/lost#readme',
21 silly publish   description: '',
21 silly publish   readme: '# lost',
21 silly publish   readmeFilename: 'README.md',
21 silly publish   gitHead: 'fe6640dd68709909c2dd4b64344a56ac02f3d0de',
21 silly publish   _id: 'my-package@1.0.0',
21 silly publish   _shasum: '630a55417690940e11c2c7eb9eff6c4e5e7d1ba9',
21 silly publish   _from: '.' }
22 verbose getPublishConfig undefined
23 silly mapToRegistry name my-package
24 silly mapToRegistry using default registry
25 silly mapToRegistry registry https://registry.npmjs.org/
26 silly mapToRegistry data Result {
26 silly mapToRegistry   raw: 'my-package',
26 silly mapToRegistry   scope: null,
26 silly mapToRegistry   escapedName: 'my-package',
26 silly mapToRegistry   name: 'my-package',
26 silly mapToRegistry   rawSpec: '',
26 silly mapToRegistry   spec: 'latest',
26 silly mapToRegistry   type: 'tag' }
27 silly mapToRegistry uri https://registry.npmjs.org/my-package
28 verbose publish registryBase https://registry.npmjs.org/
29 silly publish uploading /Users/qingyun/.npm/my-package/1.0.0/package.tgz
30 verbose request uri https://registry.npmjs.org/my-package
31 verbose request sending authorization for write operation
32 info attempt registry request try #1 at 19:42:13
33 verbose request using bearer token for auth
34 verbose request id d792f64ef607b675
35 http request PUT https://registry.npmjs.org/my-package
36 http 403 https://registry.npmjs.org/my-package
37 verbose headers { 'content-type': 'application/json',
37 verbose headers   'cache-control': 'max-age=300',
37 verbose headers   'content-length': '104',
37 verbose headers   'accept-ranges': 'bytes',
37 verbose headers   date: 'Mon, 15 May 2017 11:42:31 GMT',
37 verbose headers   via: '1.1 varnish',
37 verbose headers   connection: 'keep-alive',
37 verbose headers   'x-served-by': 'cache-nrt6125-NRT',
37 verbose headers   'x-cache': 'MISS',
37 verbose headers   'x-cache-hits': '0',
37 verbose headers   'x-timer': 'S1494848551.379161,VS0,VE484',
37 verbose headers   vary: 'Accept-Encoding' }
38 verbose request invalidating /Users/qingyun/.npm/registry.npmjs.org/my-package on PUT
39 error publish Failed PUT 403
40 verbose stack Error: you do not have permission to publish "my-package". Are you logged in as the correct user? : my-package
40 verbose stack     at makeError (/usr/local/lib/node_modules/npm/node_modules/npm-registry-client/lib/request.js:302:12)
40 verbose stack     at CachingRegistryClient.<anonymous> (/usr/local/lib/node_modules/npm/node_modules/npm-registry-client/lib/request.js:290:14)
40 verbose stack     at Request._callback (/usr/local/lib/node_modules/npm/node_modules/npm-registry-client/lib/request.js:210:14)
40 verbose stack     at Request.self.callback (/usr/local/lib/node_modules/npm/node_modules/request/request.js:187:22)
40 verbose stack     at emitTwo (events.js:106:13)
40 verbose stack     at Request.emit (events.js:191:7)
40 verbose stack     at Request.<anonymous> (/usr/local/lib/node_modules/npm/node_modules/request/request.js:1048:10)
40 verbose stack     at emitOne (events.js:96:13)
40 verbose stack     at Request.emit (events.js:188:7)
40 verbose stack     at IncomingMessage.<anonymous> (/usr/local/lib/node_modules/npm/node_modules/request/request.js:969:12)
41 verbose statusCode 403
42 verbose pkgid my-package
43 verbose cwd /Users/qingyun/Desktop/郭亮/node/20170515/my-package
44 error Darwin 15.6.0
45 error argv "/usr/local/bin/node" "/usr/local/bin/npm" "publish"
46 error node v7.2.1
47 error npm  v3.10.10
48 error code E403
49 error you do not have permission to publish "my-package". Are you logged in as the correct user? : my-package
50 error If you need help, you may report this error at:
50 error     <https://github.com/npm/npm/issues>
51 verbose exit [ 1, true ]
